Logfile initialized
[INFO] logfile = /Users/hectorviov/Desktop/SpottMobileAndroid/build.log
[DEBUG] /Users/hectorviov/Library/Application Support/Titanium/mobilesdk/osx/1.8.2/android/builder.py simulator Spott /Users/hectorviov/Desktop/Titanium/Android /Users/hectorviov/Desktop/SpottMobileAndroid spott.dev 5 WVGA800 
[INFO] Building Spott for Android ... one moment
[INFO] Titanium SDK version: 1.8.2 (02/23/12 17:46 59b3a90)
[DEBUG] Waiting for device to be ready ...
[TRACE] adb devices returned 1 devices/emulators
[DEBUG] Device connected... (waited 0 seconds)
[DEBUG] waited 0.024298 seconds on emulator to get ready
[DEBUG] spott.dev installed? True
[INFO] Fastdev server running, deploying in Fastdev mode
[INFO] Copying project resources..
[TRACE] COPYING MODIFIED FILE: /Users/hectorviov/Desktop/SpottMobileAndroid/Resources/src/ui.js => /Users/hectorviov/Desktop/SpottMobileAndroid/build/android/bin/assets/Resources/src/ui.js
[INFO] Tiapp.xml unchanged, skipping class generation
[DEBUG] Processing Android resource drawables
[DEBUG] found drawable-long-land-hdpi splash screen at /Users/hectorviov/Desktop/SpottMobileAndroid/Resources/android/images/res-long-land-hdpi/default.png
[DEBUG] found drawable-long-land-ldpi splash screen at /Users/hectorviov/Desktop/SpottMobileAndroid/Resources/android/images/res-long-land-ldpi/default.png
[DEBUG] found drawable-long-port-hdpi splash screen at /Users/hectorviov/Desktop/SpottMobileAndroid/Resources/android/images/res-long-port-hdpi/default.png
[DEBUG] found drawable-long-port-ldpi splash screen at /Users/hectorviov/Desktop/SpottMobileAndroid/Resources/android/images/res-long-port-ldpi/default.png
[DEBUG] found drawable-notlong-land-hdpi splash screen at /Users/hectorviov/Desktop/SpottMobileAndroid/Resources/android/images/res-notlong-land-hdpi/default.png
[DEBUG] found drawable-notlong-land-ldpi splash screen at /Users/hectorviov/Desktop/SpottMobileAndroid/Resources/android/images/res-notlong-land-ldpi/default.png
[DEBUG] found drawable-notlong-land-mdpi splash screen at /Users/hectorviov/Desktop/SpottMobileAndroid/Resources/android/images/res-notlong-land-mdpi/default.png
[DEBUG] found drawable-notlong-port-hdpi splash screen at /Users/hectorviov/Desktop/SpottMobileAndroid/Resources/android/images/res-notlong-port-hdpi/default.png
[DEBUG] found drawable-notlong-port-ldpi splash screen at /Users/hectorviov/Desktop/SpottMobileAndroid/Resources/android/images/res-notlong-port-ldpi/default.png
[DEBUG] found drawable-notlong-port-mdpi splash screen at /Users/hectorviov/Desktop/SpottMobileAndroid/Resources/android/images/res-notlong-port-mdpi/default.png
[INFO] Waiting for SDCard to become available..
[INFO] Re-launching application ... Spott
[INFO] Launching application ... Spott
[TRACE] Launch output: Starting: Intent { act=android.intent.action.MAIN cat=[android.intent.category.LAUNCHER] cmp=spott.dev/.SpottActivity }

[INFO] Relaunched Spott ... Application should be running.
[INFO] Android Emulator has exited
